Change Component Designator: OldDesignator= NewDesignator=R11
Change Component Designator: OldDesignator=D6 NewDesignator=D8
Change Component Designator: OldDesignator=D7 NewDesignator=D9
Change Component Designator: OldDesignator=D8 NewDesignator=D10
Change Component Designator: OldDesignator=D12 NewDesignator=D6
Change Component Designator: OldDesignator=D13 NewDesignator=D7
Change Component Designator: OldDesignator=J1 NewDesignator=J5
Change Component Designator: OldDesignator=J2 NewDesignator=J6
Change Component Designator: OldDesignator=J3 NewDesignator=J7
Change Component Designator: OldDesignator=J4 NewDesignator=J8
Change Component Designator: OldDesignator=J5 NewDesignator=J9
Change Component Designator: OldDesignator=J6 NewDesignator=J10
Change Component Designator: OldDesignator=J7 NewDesignator=J11
Change Component Designator: OldDesignator=J8 NewDesignator=J12
Change Component Designator: OldDesignator=J9 NewDesignator=J13
Change Component Designator: OldDesignator=J10 NewDesignator=J14
Change Component Designator: OldDesignator=J11 NewDesignator=J15
Change Component Designator: OldDesignator=J12 NewDesignator=J16
Change Component Designator: OldDesignator=J13 NewDesignator=J17
Change Component Designator: OldDesignator=J14 NewDesignator=J18
Change Component Designator: OldDesignator=J15 NewDesignator=J19
Change Component Designator: OldDesignator=J16 NewDesignator=J20
Change Component Designator: OldDesignator=J17 NewDesignator=J21
Change Component Designator: OldDesignator=J18 NewDesignator=J22
Change Component Designator: OldDesignator=J19 NewDesignator=J25
Change Component Designator: OldDesignator=J20 NewDesignator=J26
Change Component Designator: OldDesignator=J21 NewDesignator=J27
Change Component Designator: OldDesignator=J22 NewDesignator=J28
Change Component Designator: OldDesignator=J23 NewDesignator=J29
Change Component Designator: OldDesignator=J24 NewDesignator=J30
Change Component Designator: OldDesignator=J25 NewDesignator=J31
Change Component Designator: OldDesignator=J26 NewDesignator=J32
Change Component Designator: OldDesignator=J27 NewDesignator=J33
Change Component Designator: OldDesignator=J28 NewDesignator=J34
Change Component Designator: OldDesignator=J29 NewDesignator=J35
Change Component Designator: OldDesignator=J30 NewDesignator=J36
Change Component Designator: OldDesignator=J31 NewDesignator=J37
Change Component Designator: OldDesignator=J32 NewDesignator=J38
Change Component Designator: OldDesignator=J33 NewDesignator=J39
Change Component Designator: OldDesignator=J34 NewDesignator=J40
Change Component Designator: OldDesignator=J37 NewDesignator=J41
Change Component Designator: OldDesignator=J38 NewDesignator=J42
Change Component Designator: OldDesignator=J39 NewDesignator=J43
Change Component Designator: OldDesignator=J40 NewDesignator=J44
Change Component Designator: OldDesignator=J41 NewDesignator=J45
Change Component Designator: OldDesignator=J42 NewDesignator=J46
Change Component Designator: OldDesignator=J43 NewDesignator=J47
Change Component Designator: OldDesignator=J44 NewDesignator=J48
Change Component Designator: OldDesignator=J45 NewDesignator=J49
Change Component Designator: OldDesignator=J46 NewDesignator=J50
Change Component Designator: OldDesignator=J47 NewDesignator=J51
Change Component Designator: OldDesignator=J48 NewDesignator=J52
Change Component Designator: OldDesignator=J49 NewDesignator=J53
Change Component Designator: OldDesignator=J50 NewDesignator=J54
Change Component Designator: OldDesignator=J51 NewDesignator=J55
Change Component Designator: OldDesignator=J52 NewDesignator=J56
Change Component Designator: OldDesignator=J53 NewDesignator=J57
Change Component Designator: OldDesignator=J54 NewDesignator=J58
Change Component Designator: OldDesignator=J55 NewDesignator=J60
Change Component Designator: OldDesignator=J56 NewDesignator=J61
Change Component Designator: OldDesignator=J57 NewDesignator=J62
Change Component Designator: OldDesignator=J58 NewDesignator=J63
Change Component Designator: OldDesignator=J59 NewDesignator=J64
Change Component Designator: OldDesignator=J60 NewDesignator=J65
Change Component Designator: OldDesignator=J61 NewDesignator=J66
Change Component Designator: OldDesignator=J62 NewDesignator=J67
Change Component Designator: OldDesignator=J63 NewDesignator=J68
Change Component Designator: OldDesignator=J64 NewDesignator=J69
Change Component Designator: OldDesignator=J65 NewDesignator=J70
Change Component Designator: OldDesignator=J66 NewDesignator=J71
Change Component Designator: OldDesignator=J67 NewDesignator=J72
Change Component Designator: OldDesignator=J68 NewDesignator=J73
Change Component Designator: OldDesignator=J69 NewDesignator=J74
Change Component Designator: OldDesignator=J70 NewDesignator=J75
Change Component Designator: OldDesignator=J71 NewDesignator=J76
Change Component Designator: OldDesignator=J72 NewDesignator=J77
Change Component Designator: OldDesignator=J73 NewDesignator=J81
Change Component Designator: OldDesignator=J74 NewDesignator=J82
Change Component Designator: OldDesignator=J75 NewDesignator=J83
Change Component Designator: OldDesignator=J76 NewDesignator=J84
Change Component Designator: OldDesignator=J77 NewDesignator=J85
Change Component Designator: OldDesignator=J78 NewDesignator=J86
Change Component Designator: OldDesignator=J79 NewDesignator=J87
Change Component Designator: OldDesignator=J80 NewDesignator=J88
Change Component Designator: OldDesignator=J81 NewDesignator=J89
Change Component Designator: OldDesignator=J82 NewDesignator=J90
Change Component Designator: OldDesignator=J87 NewDesignator=J1
Change Component Designator: OldDesignator=J88 NewDesignator=J91
Change Component Designator: OldDesignator=J89 NewDesignator=J92
Change Component Designator: OldDesignator=J90 NewDesignator=J93
Change Component Designator: OldDesignator=J91 NewDesignator=J94
Change Component Designator: OldDesignator=J92 NewDesignator=J95
Change Component Designator: OldDesignator=J93 NewDesignator=J96
Change Component Designator: OldDesignator=J94 NewDesignator=J97
Change Component Designator: OldDesignator=J95 NewDesignator=J98
Change Component Designator: OldDesignator=J96 NewDesignator=J99
Change Component Designator: OldDesignator=J97 NewDesignator=J100
Change Component Designator: OldDesignator=J102 NewDesignator=J2
Change Component Designator: OldDesignator=J103 NewDesignator=J3
Change Component Designator: OldDesignator=J104 NewDesignator=J4
Change Component Designator: OldDesignator=J105 NewDesignator=J23
Change Component Designator: OldDesignator=J106 NewDesignator=J24
Change Component Designator: OldDesignator=J107 NewDesignator=J59
Change Component Designator: OldDesignator=J110 NewDesignator=J78
Change Component Designator: OldDesignator=J111 NewDesignator=J79
Change Component Designator: OldDesignator=J112 NewDesignator=J80
Change Component Designator: OldDesignator=P1 NewDesignator=P2
Change Component Designator: OldDesignator=P2 NewDesignator=P1
Change Component Designator: OldDesignator=R1 NewDesignator=R2
Change Component Designator: OldDesignator=R2 NewDesignator=R3
Change Component Designator: OldDesignator=R3 NewDesignator=R4
Change Component Designator: OldDesignator=R4 NewDesignator=R5
Change Component Designator: OldDesignator=R5 NewDesignator=R6
Change Component Designator: OldDesignator=R12 NewDesignator=R1
Change Component Designator: OldDesignator=R13 NewDesignator=R7
Change Component Designator: OldDesignator=U1 NewDesignator=U2
Change Component Designator: OldDesignator=U2 NewDesignator=U1
Change Component Designator: OldDesignator=U4 NewDesignator=U5
Change Component Designator: OldDesignator=U5 NewDesignator=U6
Change Component Designator: OldDesignator=U6 NewDesignator=U4
Added Component: Designator=P3(Power-Point)
Added Component: Designator=P4(Power-Point)
Added Pin To Net: NetName=GND Pin=P3-1
Added Pin To Net: NetName=+5 Pin=P4-1
Change Net Name : Old Net Name=NetD6_2 New Net Name=NetD8_2
Change Net Name : Old Net Name=NetD7_2 New Net Name=NetD9_2
Change Net Name : Old Net Name=NetD8_2 New Net Name=NetD10_2
Change Net Name : Old Net Name=NetD12_2 New Net Name=NetD6_2
Change Net Name : Old Net Name=NetD13_2 New Net Name=NetD7_2
Change Net Name : Old Net Name=NetJ1_1 New Net Name=NetJ5_1
Change Net Name : Old Net Name=NetJ2_1 New Net Name=NetJ6_1
Change Net Name : Old Net Name=NetJ3_1 New Net Name=NetJ7_1
Change Net Name : Old Net Name=NetJ4_1 New Net Name=NetJ8_1
Change Net Name : Old Net Name=NetJ5_1 New Net Name=NetJ9_1
Change Net Name : Old Net Name=NetJ6_1 New Net Name=NetJ10_1
Change Net Name : Old Net Name=NetJ7_1 New Net Name=NetJ11_1
Change Net Name : Old Net Name=NetJ8_1 New Net Name=NetJ12_1
Change Net Name : Old Net Name=NetJ9_1 New Net Name=NetJ13_1
Change Net Name : Old Net Name=NetJ10_1 New Net Name=NetJ14_1
Change Net Name : Old Net Name=NetJ11_1 New Net Name=NetJ15_1
Change Net Name : Old Net Name=NetJ12_1 New Net Name=NetJ16_1
Change Net Name : Old Net Name=NetJ13_1 New Net Name=NetJ17_1
Change Net Name : Old Net Name=NetJ14_1 New Net Name=NetJ18_1
Change Net Name : Old Net Name=NetJ15_1 New Net Name=NetJ19_1
Change Net Name : Old Net Name=NetJ16_1 New Net Name=NetJ20_1
Change Net Name : Old Net Name=NetJ17_1 New Net Name=NetJ21_1
Change Net Name : Old Net Name=NetJ18_1 New Net Name=NetJ22_1
Change Net Name : Old Net Name=NetJ19_1 New Net Name=NetJ25_1
Change Net Name : Old Net Name=NetJ20_1 New Net Name=NetJ26_1
Change Net Name : Old Net Name=NetJ21_1 New Net Name=NetJ27_1
Change Net Name : Old Net Name=NetJ22_1 New Net Name=NetJ28_1
Change Net Name : Old Net Name=NetJ23_1 New Net Name=NetJ29_1
Change Net Name : Old Net Name=NetJ24_1 New Net Name=NetJ30_1
Change Net Name : Old Net Name=NetJ25_1 New Net Name=NetJ31_1
Change Net Name : Old Net Name=NetJ26_1 New Net Name=NetJ32_1
Change Net Name : Old Net Name=NetJ27_1 New Net Name=NetJ33_1
Change Net Name : Old Net Name=NetJ28_1 New Net Name=NetJ34_1
Change Net Name : Old Net Name=NetJ29_1 New Net Name=NetJ35_1
Change Net Name : Old Net Name=NetJ30_1 New Net Name=NetJ36_1
Change Net Name : Old Net Name=NetJ31_1 New Net Name=NetJ37_1
Change Net Name : Old Net Name=NetJ32_1 New Net Name=NetJ38_1
Change Net Name : Old Net Name=NetJ33_1 New Net Name=NetJ39_1
Change Net Name : Old Net Name=NetJ34_1 New Net Name=NetJ40_1
Change Net Name : Old Net Name=NetJ37_1 New Net Name=NetJ41_1
Change Net Name : Old Net Name=NetJ38_1 New Net Name=NetJ42_1
Change Net Name : Old Net Name=NetJ39_1 New Net Name=NetJ43_1
Change Net Name : Old Net Name=NetJ40_1 New Net Name=NetJ44_1
Change Net Name : Old Net Name=NetJ41_1 New Net Name=NetJ45_1
Change Net Name : Old Net Name=NetJ42_1 New Net Name=NetJ46_1
Change Net Name : Old Net Name=NetJ43_1 New Net Name=NetJ47_1
Change Net Name : Old Net Name=NetJ44_1 New Net Name=NetJ48_1
Change Net Name : Old Net Name=NetJ45_1 New Net Name=NetJ49_1
Change Net Name : Old Net Name=NetJ46_1 New Net Name=NetJ50_1
Change Net Name : Old Net Name=NetJ47_1 New Net Name=NetJ51_1
Change Net Name : Old Net Name=NetJ48_1 New Net Name=NetJ52_1
Change Net Name : Old Net Name=NetJ49_1 New Net Name=NetJ53_1
Change Net Name : Old Net Name=NetJ50_1 New Net Name=NetJ54_1
Change Net Name : Old Net Name=NetJ51_1 New Net Name=NetJ55_1
Change Net Name : Old Net Name=NetJ52_1 New Net Name=NetJ56_1
Change Net Name : Old Net Name=NetJ53_1 New Net Name=NetJ57_1
Change Net Name : Old Net Name=NetJ54_1 New Net Name=NetJ58_1
Change Net Name : Old Net Name=NetJ55_1 New Net Name=NetJ60_1
Change Net Name : Old Net Name=NetJ56_1 New Net Name=NetJ61_1
Change Net Name : Old Net Name=NetJ57_1 New Net Name=NetJ62_1
Change Net Name : Old Net Name=NetJ58_1 New Net Name=NetJ63_1
Change Net Name : Old Net Name=NetJ59_1 New Net Name=NetJ64_1
Change Net Name : Old Net Name=NetJ60_1 New Net Name=NetJ65_1
Change Net Name : Old Net Name=NetJ61_1 New Net Name=NetJ66_1
Change Net Name : Old Net Name=NetJ62_1 New Net Name=NetJ67_1
Change Net Name : Old Net Name=NetJ63_1 New Net Name=NetJ68_1
Change Net Name : Old Net Name=NetJ64_1 New Net Name=NetJ69_1
Change Net Name : Old Net Name=NetJ65_1 New Net Name=NetJ70_1
Change Net Name : Old Net Name=NetJ66_1 New Net Name=NetJ71_1
Change Net Name : Old Net Name=NetJ67_1 New Net Name=NetJ72_1
Change Net Name : Old Net Name=NetJ68_1 New Net Name=NetJ73_1
Change Net Name : Old Net Name=NetJ69_1 New Net Name=NetJ74_1
Change Net Name : Old Net Name=NetJ70_1 New Net Name=NetJ75_1
Change Net Name : Old Net Name=NetJ71_1 New Net Name=NetJ76_1
Change Net Name : Old Net Name=NetJ72_1 New Net Name=NetJ77_1
Change Net Name : Old Net Name=NetJ87_1 New Net Name=NetJ1_1
Change Net Name : Old Net Name=NetJ102_1 New Net Name=NetJ2_1
Change Net Name : Old Net Name=NetJ103_1 New Net Name=NetJ3_1
Change Net Name : Old Net Name=NetJ104_1 New Net Name=NetJ4_1
Change Net Name : Old Net Name=NetJ105_1 New Net Name=NetJ23_1
Change Net Name : Old Net Name=NetJ106_1 New Net Name=NetJ24_1
Change Net Name : Old Net Name=NetJ107_1 New Net Name=NetJ59_1
Change Net Name : Old Net Name=NetJ110_1 New Net Name=NetJ78_1
Change Net Name : Old Net Name=NetJ111_1 New Net Name=NetJ79_1
Change Net Name : Old Net Name=NetJ112_1 New Net Name=NetJ80_1
