Removed Pin From Net: NetName=NetJ5_1 Pin=J5-1
Removed Pin From Net: NetName=NetJ6_1 Pin=J6-1
Removed Pin From Net: NetName=NetJ7_1 Pin=J7-1
Removed Pin From Net: NetName=NetJ8_1 Pin=J8-1
Removed Pin From Net: NetName=NetJ9_1 Pin=J9-1
Removed Pin From Net: NetName=NetJ11_1 Pin=J11-1
Removed Pin From Net: NetName=NetJ12_1 Pin=J12-1
Removed Pin From Net: NetName=NetJ13_1 Pin=J13-1
Removed Pin From Net: NetName=NetJ14_1 Pin=J14-1
Removed Pin From Net: NetName=NetJ15_1 Pin=J15-1
Removed Pin From Net: NetName=NetJ16_1 Pin=J16-1
Removed Pin From Net: NetName=NetJ17_1 Pin=J17-1
Removed Pin From Net: NetName=NetJ18_1 Pin=J18-1
Removed Pin From Net: NetName=NetJ19_1 Pin=J19-1
Removed Pin From Net: NetName=NetJ20_1 Pin=J20-1
Removed Pin From Net: NetName=NetJ21_1 Pin=J21-1
Removed Pin From Net: NetName=NetJ25_1 Pin=J25-1
Removed Pin From Net: NetName=NetJ26_1 Pin=J26-1
Removed Pin From Net: NetName=NetJ27_1 Pin=J27-1
Removed Pin From Net: NetName=NetJ28_1 Pin=J28-1
Removed Pin From Net: NetName=NetJ29_1 Pin=J29-1
Removed Pin From Net: NetName=NetJ30_1 Pin=J30-1
Removed Pin From Net: NetName=NetJ31_1 Pin=J31-1
Removed Pin From Net: NetName=NetJ32_1 Pin=J32-1
Removed Pin From Net: NetName=NetJ33_1 Pin=J33-1
Removed Pin From Net: NetName=NetJ34_1 Pin=J34-1
Removed Pin From Net: NetName=NetJ35_1 Pin=J35-1
Removed Pin From Net: NetName=NetJ36_1 Pin=J36-1
Removed Pin From Net: NetName=NetJ37_1 Pin=J37-1
Removed Pin From Net: NetName=NetJ38_1 Pin=J38-1
Removed Pin From Net: NetName=NetJ40_1 Pin=J40-1
Removed Pin From Net: NetName=NetJ41_1 Pin=J41-1
Removed Pin From Net: NetName=NetJ42_1 Pin=J42-1
Removed Pin From Net: NetName=NetJ43_1 Pin=J43-1
Removed Pin From Net: NetName=NetJ44_1 Pin=J44-1
Removed Pin From Net: NetName=NetJ45_1 Pin=J45-1
Removed Pin From Net: NetName=NetJ46_1 Pin=J46-1
Removed Pin From Net: NetName=NetJ47_1 Pin=J47-1
Removed Pin From Net: NetName=NetJ48_1 Pin=J48-1
Removed Pin From Net: NetName=NetJ49_1 Pin=J49-1
Removed Pin From Net: NetName=NetJ50_1 Pin=J50-1
Removed Pin From Net: NetName=NetJ51_1 Pin=J51-1
Removed Pin From Net: NetName=NetJ52_1 Pin=J52-1
Removed Pin From Net: NetName=NetJ53_1 Pin=J53-1
Removed Pin From Net: NetName=NetJ54_1 Pin=J54-1
Removed Pin From Net: NetName=NetJ55_1 Pin=J55-1
Removed Pin From Net: NetName=NetJ56_1 Pin=J56-1
Removed Pin From Net: NetName=NetJ57_1 Pin=J57-1
Removed Pin From Net: NetName=NetJ58_1 Pin=J58-1
Removed Pin From Net: NetName=NetJ59_1 Pin=J59-1
Removed Pin From Net: NetName=NetJ60_1 Pin=J60-1
Removed Pin From Net: NetName=NetJ61_1 Pin=J61-1
Removed Pin From Net: NetName=NetJ62_1 Pin=J62-1
Removed Pin From Net: NetName=NetJ63_1 Pin=J63-1
Removed Pin From Net: NetName=NetJ64_1 Pin=J64-1
Removed Pin From Net: NetName=NetJ65_1 Pin=J65-1
Removed Pin From Net: NetName=NetJ66_1 Pin=J66-1
Removed Pin From Net: NetName=NetJ67_1 Pin=J67-1
Removed Pin From Net: NetName=NetJ68_1 Pin=J68-1
Removed Pin From Net: NetName=NetJ69_1 Pin=J69-1
Removed Pin From Net: NetName=NetJ70_1 Pin=J70-1
Removed Pin From Net: NetName=NetJ71_1 Pin=J71-1
Removed Pin From Net: NetName=NetJ73_1 Pin=J73-1
Removed Pin From Net: NetName=NetJ74_1 Pin=J74-1
Removed Pin From Net: NetName=NetJ75_1 Pin=J75-1
Removed Pin From Net: NetName=NetJ76_1 Pin=J76-1
Removed Pin From Net: NetName=NetJ77_1 Pin=J77-1
Removed Pin From Net: NetName=NetJ78_1 Pin=J78-1
Removed Pin From Net: NetName=GND Pin=P1-1
Removed Pin From Net: NetName=GND Pin=P1-1
Removed Pin From Net: NetName=GND Pin=P1-1
Removed Pin From Net: NetName=+5 Pin=P2-1
Removed Pin From Net: NetName=+5 Pin=P2-1
Removed Pin From Net: NetName=+5 Pin=P2-1
Removed Pin From Net: NetName=NetJ59_1 Pin=R7-1
Removed Pin From Net: NetName=NetJ78_1 Pin=R8-1
Removed Pin From Net: NetName=NetJ79_1 Pin=R9-1
Removed Pin From Net: NetName=NetJ80_1 Pin=R10-1
Removed Pin From Net: NetName=NetJ60_1 Pin=U4-1
Removed Pin From Net: NetName=NetJ61_1 Pin=U4-2
Removed Pin From Net: NetName=NetJ62_1 Pin=U4-3
Removed Pin From Net: NetName=NetJ63_1 Pin=U4-4
Removed Pin From Net: NetName=NetJ64_1 Pin=U4-5
Removed Pin From Net: NetName=NetJ65_1 Pin=U4-6
Removed Pin From Net: NetName=NetJ46_1 Pin=U4-8
Removed Pin From Net: NetName=NetJ45_1 Pin=U4-9
Removed Pin From Net: NetName=NetJ44_1 Pin=U4-10
Removed Pin From Net: NetName=NetJ43_1 Pin=U4-11
Removed Pin From Net: NetName=NetJ42_1 Pin=U4-12
Removed Pin From Net: NetName=NetJ41_1 Pin=U4-13
Removed Pin From Net: NetName=NetJ66_1 Pin=U5-1
Removed Pin From Net: NetName=NetJ67_1 Pin=U5-2
Removed Pin From Net: NetName=NetJ68_1 Pin=U5-3
Removed Pin From Net: NetName=NetJ69_1 Pin=U5-4
Removed Pin From Net: NetName=NetJ70_1 Pin=U5-5
Removed Pin From Net: NetName=NetJ71_1 Pin=U5-6
Removed Pin From Net: NetName=NetJ52_1 Pin=U5-8
Removed Pin From Net: NetName=NetJ51_1 Pin=U5-9
Removed Pin From Net: NetName=NetJ50_1 Pin=U5-10
Removed Pin From Net: NetName=NetJ49_1 Pin=U5-11
Removed Pin From Net: NetName=NetJ48_1 Pin=U5-12
Removed Pin From Net: NetName=NetJ47_1 Pin=U5-13
Removed Pin From Net: NetName=NetJ72_1 Pin=U6-1
Removed Pin From Net: NetName=NetJ73_1 Pin=U6-2
Removed Pin From Net: NetName=NetJ74_1 Pin=U6-3
Removed Pin From Net: NetName=NetJ75_1 Pin=U6-4
Removed Pin From Net: NetName=NetJ76_1 Pin=U6-5
Removed Pin From Net: NetName=NetJ77_1 Pin=U6-6
Removed Pin From Net: NetName=NetJ58_1 Pin=U6-8
Removed Pin From Net: NetName=NetJ57_1 Pin=U6-9
Removed Pin From Net: NetName=NetJ56_1 Pin=U6-10
Removed Pin From Net: NetName=NetJ55_1 Pin=U6-11
Removed Pin From Net: NetName=NetJ54_1 Pin=U6-12
Removed Pin From Net: NetName=NetJ53_1 Pin=U6-13
Change Component Designator: OldDesignator=D7 NewDesignator=D10
Change Component Designator: OldDesignator=D8 NewDesignator=D7
Change Component Designator: OldDesignator=D9 NewDesignator=D8
Change Component Designator: OldDesignator=D10 NewDesignator=D9
Change Component Designator: OldDesignator=J5 NewDesignator=J11
Change Component Designator: OldDesignator=J6 NewDesignator=J12
Change Component Designator: OldDesignator=J7 NewDesignator=J13
Change Component Designator: OldDesignator=J8 NewDesignator=J14
Change Component Designator: OldDesignator=J9 NewDesignator=J15
Change Component Designator: OldDesignator=J11 NewDesignator=J19
Change Component Designator: OldDesignator=J12 NewDesignator=J20
Change Component Designator: OldDesignator=J13 NewDesignator=J21
Change Component Designator: OldDesignator=J15 NewDesignator=J17
Change Component Designator: OldDesignator=J16 NewDesignator=J18
Change Component Designator: OldDesignator=J18 NewDesignator=J5
Change Component Designator: OldDesignator=J19 NewDesignator=J6
Change Component Designator: OldDesignator=J20 NewDesignator=J7
Change Component Designator: OldDesignator=J21 NewDesignator=J8
Change Component Designator: OldDesignator=J31 NewDesignator=J30
Change Component Designator: OldDesignator=J32 NewDesignator=J25
Change Component Designator: OldDesignator=J33 NewDesignator=J26
Change Component Designator: OldDesignator=J34 NewDesignator=J27
Change Component Designator: OldDesignator=J35 NewDesignator=J28
Change Component Designator: OldDesignator=J36 NewDesignator=J29
Change Component Designator: OldDesignator=J37 NewDesignator=J35
Change Component Designator: OldDesignator=J38 NewDesignator=J36
Change Component Designator: OldDesignator=J40 NewDesignator=J31
Change Component Designator: OldDesignator=J41 NewDesignator=J49
Change Component Designator: OldDesignator=J42 NewDesignator=J50
Change Component Designator: OldDesignator=J43 NewDesignator=J51
Change Component Designator: OldDesignator=J44 NewDesignator=J52
Change Component Designator: OldDesignator=J45 NewDesignator=J53
Change Component Designator: OldDesignator=J46 NewDesignator=J54
Change Component Designator: OldDesignator=J47 NewDesignator=J55
Change Component Designator: OldDesignator=J48 NewDesignator=J56
Change Component Designator: OldDesignator=J49 NewDesignator=J57
Change Component Designator: OldDesignator=J50 NewDesignator=J58
Change Component Designator: OldDesignator=J51 NewDesignator=J59
Change Component Designator: OldDesignator=J60 NewDesignator=J48
Change Component Designator: OldDesignator=J61 NewDesignator=J47
Change Component Designator: OldDesignator=J62 NewDesignator=J46
Change Component Designator: OldDesignator=J63 NewDesignator=J45
Change Component Designator: OldDesignator=J64 NewDesignator=J44
Change Component Designator: OldDesignator=J65 NewDesignator=J43
Change Component Designator: OldDesignator=J66 NewDesignator=J62
Change Component Designator: OldDesignator=J67 NewDesignator=J63
Change Component Designator: OldDesignator=J68 NewDesignator=J64
Change Component Designator: OldDesignator=J69 NewDesignator=J65
Change Component Designator: OldDesignator=J70 NewDesignator=J66
Change Component Designator: OldDesignator=J71 NewDesignator=J67
Change Component Designator: OldDesignator=J73 NewDesignator=J74
Change Component Designator: OldDesignator=J74 NewDesignator=J75
Change Component Designator: OldDesignator=J75 NewDesignator=J76
Change Component Designator: OldDesignator=J76 NewDesignator=J77
Change Component Designator: OldDesignator=J77 NewDesignator=J78
Change Component Designator: OldDesignator=J81 NewDesignator=J83
Change Component Designator: OldDesignator=J82 NewDesignator=J84
Change Component Designator: OldDesignator=J83 NewDesignator=J85
Change Component Designator: OldDesignator=J84 NewDesignator=J86
Change Component Designator: OldDesignator=J85 NewDesignator=J87
Change Component Designator: OldDesignator=J86 NewDesignator=J88
Change Component Designator: OldDesignator=J87 NewDesignator=J89
Change Component Designator: OldDesignator=J88 NewDesignator=J90
Change Component Designator: OldDesignator=J89 NewDesignator=J91
Change Component Designator: OldDesignator=J90 NewDesignator=J92
Change Component Designator: OldDesignator=J91 NewDesignator=J93
Change Component Designator: OldDesignator=J92 NewDesignator=J94
Change Component Designator: OldDesignator=J93 NewDesignator=J95
Change Component Designator: OldDesignator=J94 NewDesignator=J96
Change Component Designator: OldDesignator=J95 NewDesignator=J97
Change Component Designator: OldDesignator=J96 NewDesignator=J98
Change Component Designator: OldDesignator=J97 NewDesignator=J99
Change Component Designator: OldDesignator=J98 NewDesignator=J100
Change Component Designator: OldDesignator=J99 NewDesignator=J101
Change Component Designator: OldDesignator=J100 NewDesignator=J102
Change Component Designator: OldDesignator=U5 NewDesignator=U6
Change Component Designator: OldDesignator=U6 NewDesignator=U5
Added Component: Designator=J9(CONNECTOR)
Added Component: Designator=J16(CONNECTOR)
Added Component: Designator=J32(CONNECTOR)
Added Component: Designator=J33(CONNECTOR)
Added Component: Designator=J34(CONNECTOR)
Added Component: Designator=J37(CONNECTOR)
Added Component: Designator=J38(CONNECTOR)
Added Component: Designator=J40(CONNECTOR)
Added Component: Designator=J41(CONNECTOR)
Added Component: Designator=J42(CONNECTOR)
Added Component: Designator=J60(CONNECTOR)
Added Component: Designator=J61(CONNECTOR)
Added Component: Designator=J68(CONNECTOR)
Added Component: Designator=J69(CONNECTOR)
Added Component: Designator=J70(CONNECTOR)
Added Component: Designator=J71(CONNECTOR)
Added Component: Designator=J73(CONNECTOR)
Added Component: Designator=J81(CONNECTOR)
Added Component: Designator=J82(CONNECTOR)
Added Pin To Net: NetName=NetJ5_1 Pin=J5-1
Added Pin To Net: NetName=NetJ6_1 Pin=J6-1
Added Pin To Net: NetName=NetJ7_1 Pin=J7-1
Added Pin To Net: NetName=NetJ8_1 Pin=J8-1
Added Pin To Net: NetName=NetJ9_1 Pin=J9-1
Added Pin To Net: NetName=NetJ11_1 Pin=J11-1
Added Pin To Net: NetName=NetJ12_1 Pin=J12-1
Added Pin To Net: NetName=NetJ13_1 Pin=J13-1
Added Pin To Net: NetName=NetJ14_1 Pin=J14-1
Added Pin To Net: NetName=NetJ15_1 Pin=J15-1
Added Pin To Net: NetName=NetJ16_1 Pin=J16-1
Added Pin To Net: NetName=NetJ17_1 Pin=J17-1
Added Pin To Net: NetName=NetJ18_1 Pin=J18-1
Added Pin To Net: NetName=NetJ19_1 Pin=J19-1
Added Pin To Net: NetName=NetJ20_1 Pin=J20-1
Added Pin To Net: NetName=NetJ21_1 Pin=J21-1
Added Pin To Net: NetName=NetJ25_1 Pin=J25-1
Added Pin To Net: NetName=NetJ26_1 Pin=J26-1
Added Pin To Net: NetName=NetJ27_1 Pin=J27-1
Added Pin To Net: NetName=NetJ28_1 Pin=J28-1
Added Pin To Net: NetName=NetJ29_1 Pin=J29-1
Added Pin To Net: NetName=NetJ30_1 Pin=J30-1
Added Pin To Net: NetName=NetJ31_1 Pin=J31-1
Added Pin To Net: NetName=NetJ32_1 Pin=J32-1
Added Pin To Net: NetName=NetJ33_1 Pin=J33-1
Added Pin To Net: NetName=NetJ34_1 Pin=J34-1
Added Pin To Net: NetName=NetJ35_1 Pin=J35-1
Added Pin To Net: NetName=NetJ36_1 Pin=J36-1
Added Pin To Net: NetName=NetJ37_1 Pin=J37-1
Added Pin To Net: NetName=NetJ38_1 Pin=J38-1
Added Pin To Net: NetName=NetJ40_1 Pin=J40-1
Added Pin To Net: NetName=NetJ41_1 Pin=J41-1
Added Pin To Net: NetName=NetJ42_1 Pin=J42-1
Added Pin To Net: NetName=NetJ43_1 Pin=J43-1
Added Pin To Net: NetName=NetJ44_1 Pin=J44-1
Added Pin To Net: NetName=NetJ45_1 Pin=J45-1
Added Pin To Net: NetName=NetJ46_1 Pin=J46-1
Added Pin To Net: NetName=NetJ47_1 Pin=J47-1
Added Pin To Net: NetName=NetJ48_1 Pin=J48-1
Added Pin To Net: NetName=NetJ49_1 Pin=J49-1
Added Pin To Net: NetName=NetJ50_1 Pin=J50-1
Added Pin To Net: NetName=NetJ51_1 Pin=J51-1
Added Pin To Net: NetName=NetJ52_1 Pin=J52-1
Added Pin To Net: NetName=NetJ53_1 Pin=J53-1
Added Pin To Net: NetName=NetJ54_1 Pin=J54-1
Added Pin To Net: NetName=NetJ55_1 Pin=J55-1
Added Pin To Net: NetName=NetJ56_1 Pin=J56-1
Added Pin To Net: NetName=NetJ57_1 Pin=J57-1
Added Pin To Net: NetName=NetJ58_1 Pin=J58-1
Added Pin To Net: NetName=NetJ59_1 Pin=J59-1
Added Pin To Net: NetName=NetJ60_1 Pin=J60-1
Added Pin To Net: NetName=NetJ61_1 Pin=J61-1
Added Pin To Net: NetName=NetJ62_1 Pin=J62-1
Added Pin To Net: NetName=NetJ63_1 Pin=J63-1
Added Pin To Net: NetName=NetJ64_1 Pin=J64-1
Added Pin To Net: NetName=NetJ65_1 Pin=J65-1
Added Pin To Net: NetName=NetJ66_1 Pin=J66-1
Added Pin To Net: NetName=NetJ67_1 Pin=J67-1
Added Pin To Net: NetName=NetJ68_1 Pin=J68-1
Added Pin To Net: NetName=NetJ69_1 Pin=J69-1
Added Pin To Net: NetName=NetJ70_1 Pin=J70-1
Added Pin To Net: NetName=NetJ71_1 Pin=J71-1
Added Pin To Net: NetName=NetJ73_1 Pin=J73-1
Added Pin To Net: NetName=NetJ74_1 Pin=J74-1
Added Pin To Net: NetName=NetJ75_1 Pin=J75-1
Added Pin To Net: NetName=NetJ76_1 Pin=J76-1
Added Pin To Net: NetName=NetJ77_1 Pin=J77-1
Added Pin To Net: NetName=NetJ78_1 Pin=J78-1
Added Pin To Net: NetName=NetJ61_1 Pin=R7-1
Added Pin To Net: NetName=NetJ80_1 Pin=R8-1
Added Pin To Net: NetName=NetJ41_1 Pin=U3-5
Added Pin To Net: NetName=NetJ42_1 Pin=U3-6
Added Pin To Net: NetName=NetJ62_1 Pin=U4-1
Added Pin To Net: NetName=NetJ63_1 Pin=U4-2
Added Pin To Net: NetName=NetJ64_1 Pin=U4-3
Added Pin To Net: NetName=NetJ65_1 Pin=U4-4
Added Pin To Net: NetName=NetJ66_1 Pin=U4-5
Added Pin To Net: NetName=NetJ67_1 Pin=U4-6
Added Pin To Net: NetName=NetJ48_1 Pin=U4-8
Added Pin To Net: NetName=NetJ47_1 Pin=U4-9
Added Pin To Net: NetName=NetJ46_1 Pin=U4-10
Added Pin To Net: NetName=NetJ45_1 Pin=U4-11
Added Pin To Net: NetName=NetJ44_1 Pin=U4-12
Added Pin To Net: NetName=NetJ43_1 Pin=U4-13
Added Pin To Net: NetName=NetJ68_1 Pin=U5-1
Added Pin To Net: NetName=NetJ69_1 Pin=U5-2
Added Pin To Net: NetName=NetJ70_1 Pin=U5-3
Added Pin To Net: NetName=NetJ71_1 Pin=U5-4
Added Pin To Net: NetName=NetJ72_1 Pin=U5-5
Added Pin To Net: NetName=NetJ73_1 Pin=U5-6
Added Pin To Net: NetName=NetJ60_1 Pin=U5-8
Added Pin To Net: NetName=NetJ59_1 Pin=U5-9
Added Pin To Net: NetName=NetJ58_1 Pin=U5-10
Added Pin To Net: NetName=NetJ57_1 Pin=U5-11
Added Pin To Net: NetName=NetJ56_1 Pin=U5-12
Added Pin To Net: NetName=NetJ55_1 Pin=U5-13
Added Pin To Net: NetName=NetJ74_1 Pin=U6-1
Added Pin To Net: NetName=NetJ75_1 Pin=U6-2
Added Pin To Net: NetName=NetJ76_1 Pin=U6-3
Added Pin To Net: NetName=NetJ77_1 Pin=U6-4
Added Pin To Net: NetName=NetJ78_1 Pin=U6-5
Added Pin To Net: NetName=NetJ79_1 Pin=U6-6
Added Pin To Net: NetName=NetJ54_1 Pin=U6-8
Added Pin To Net: NetName=NetJ53_1 Pin=U6-9
Added Pin To Net: NetName=NetJ52_1 Pin=U6-10
Added Pin To Net: NetName=NetJ51_1 Pin=U6-11
Added Pin To Net: NetName=NetJ50_1 Pin=U6-12
Added Pin To Net: NetName=NetJ49_1 Pin=U6-13
Change Net Name : Old Net Name=NetD7_2 New Net Name=NetD10_2
Change Net Name : Old Net Name=NetD8_2 New Net Name=NetD7_2
Change Net Name : Old Net Name=NetD9_2 New Net Name=NetD8_2
Change Net Name : Old Net Name=NetD10_2 New Net Name=NetD9_2
Added Pin To Net: NetName=NetJ81_1 Pin=J81-1
Added Pin To Net: NetName=NetJ81_1 Pin=R9-1
Added Net: Name=NetJ81_1
Added Pin To Net: NetName=NetJ82_1 Pin=J82-1
Added Pin To Net: NetName=NetJ82_1 Pin=R10-1
Added Net: Name=NetJ82_1
