Change Component Designator: Old Designator=D7 New Designator=D10
Change Component Designator: Old Designator=D8 New Designator=D7
Change Component Designator: Old Designator=D9 New Designator=D8
Change Component Designator: Old Designator=D10 New Designator=D9
Change Component Designator: Old Designator=J5 New Designator=J11
Change Component Designator: Old Designator=J6 New Designator=J12
Change Component Designator: Old Designator=J7 New Designator=J13
Change Component Designator: Old Designator=J8 New Designator=J14
Change Component Designator: Old Designator=J9 New Designator=J15
Change Component Designator: Old Designator=J11 New Designator=J19
Change Component Designator: Old Designator=J12 New Designator=J20
Change Component Designator: Old Designator=J13 New Designator=J21
Change Component Designator: Old Designator=J15 New Designator=J17
Change Component Designator: Old Designator=J16 New Designator=J18
Change Component Designator: Old Designator=J18 New Designator=J5
Change Component Designator: Old Designator=J19 New Designator=J6
Change Component Designator: Old Designator=J20 New Designator=J7
Change Component Designator: Old Designator=J21 New Designator=J8
Change Component Designator: Old Designator=J31 New Designator=J30
Change Component Designator: Old Designator=J32 New Designator=J25
Change Component Designator: Old Designator=J33 New Designator=J26
Change Component Designator: Old Designator=J34 New Designator=J27
Change Component Designator: Old Designator=J35 New Designator=J28
Change Component Designator: Old Designator=J36 New Designator=J29
Change Component Designator: Old Designator=J37 New Designator=J35
Change Component Designator: Old Designator=J38 New Designator=J36
Change Component Designator: Old Designator=J40 New Designator=J31
Change Component Designator: Old Designator=J41 New Designator=J49
Change Component Designator: Old Designator=J42 New Designator=J50
Change Component Designator: Old Designator=J43 New Designator=J51
Change Component Designator: Old Designator=J44 New Designator=J52
Change Component Designator: Old Designator=J45 New Designator=J53
Change Component Designator: Old Designator=J46 New Designator=J54
Change Component Designator: Old Designator=J47 New Designator=J55
Change Component Designator: Old Designator=J48 New Designator=J56
Change Component Designator: Old Designator=J49 New Designator=J57
Change Component Designator: Old Designator=J50 New Designator=J58
Change Component Designator: Old Designator=J51 New Designator=J59
Change Component Designator: Old Designator=J60 New Designator=J48
Change Component Designator: Old Designator=J61 New Designator=J47
Change Component Designator: Old Designator=J62 New Designator=J46
Change Component Designator: Old Designator=J63 New Designator=J45
Change Component Designator: Old Designator=J64 New Designator=J44
Change Component Designator: Old Designator=J65 New Designator=J43
Change Component Designator: Old Designator=J66 New Designator=J62
Change Component Designator: Old Designator=J67 New Designator=J63
Change Component Designator: Old Designator=J68 New Designator=J64
Change Component Designator: Old Designator=J69 New Designator=J65
Change Component Designator: Old Designator=J70 New Designator=J66
Change Component Designator: Old Designator=J71 New Designator=J67
Change Component Designator: Old Designator=J73 New Designator=J74
Change Component Designator: Old Designator=J74 New Designator=J75
Change Component Designator: Old Designator=J75 New Designator=J76
Change Component Designator: Old Designator=J76 New Designator=J77
Change Component Designator: Old Designator=J77 New Designator=J78
Change Component Designator: Old Designator=J81 New Designator=J83
Change Component Designator: Old Designator=J82 New Designator=J84
Change Component Designator: Old Designator=J83 New Designator=J85
Change Component Designator: Old Designator=J84 New Designator=J86
Change Component Designator: Old Designator=J85 New Designator=J87
Change Component Designator: Old Designator=J86 New Designator=J88
Change Component Designator: Old Designator=J87 New Designator=J89
Change Component Designator: Old Designator=J88 New Designator=J90
Change Component Designator: Old Designator=J89 New Designator=J91
Change Component Designator: Old Designator=J90 New Designator=J92
Change Component Designator: Old Designator=J91 New Designator=J93
Change Component Designator: Old Designator=J92 New Designator=J94
Change Component Designator: Old Designator=J93 New Designator=J95
Change Component Designator: Old Designator=J94 New Designator=J96
Change Component Designator: Old Designator=J95 New Designator=J97
Change Component Designator: Old Designator=J96 New Designator=J98
Change Component Designator: Old Designator=J97 New Designator=J99
Change Component Designator: Old Designator=J98 New Designator=J100
Change Component Designator: Old Designator=J99 New Designator=J101
Change Component Designator: Old Designator=J100 New Designator=J102
Change Component Designator: Old Designator=J? New Designator=J9
Change Component Designator: Old Designator=J? New Designator=J10
Change Component Designator: Old Designator=J? New Designator=J16
Change Component Designator: Old Designator=J? New Designator=J22
Change Component Designator: Old Designator=J? New Designator=J32
Change Component Designator: Old Designator=J? New Designator=J33
Change Component Designator: Old Designator=J? New Designator=J34
Change Component Designator: Old Designator=J? New Designator=J37
Change Component Designator: Old Designator=J? New Designator=J38
Change Component Designator: Old Designator=J? New Designator=J39
Change Component Designator: Old Designator=J? New Designator=J40
Change Component Designator: Old Designator=J? New Designator=J41
Change Component Designator: Old Designator=J? New Designator=J42
Change Component Designator: Old Designator=J? New Designator=J60
Change Component Designator: Old Designator=J? New Designator=J61
Change Component Designator: Old Designator=J? New Designator=J68
Change Component Designator: Old Designator=J? New Designator=J69
Change Component Designator: Old Designator=J? New Designator=J70
Change Component Designator: Old Designator=J? New Designator=J71
Change Component Designator: Old Designator=J? New Designator=J72
Change Component Designator: Old Designator=J? New Designator=J73
Change Component Designator: Old Designator=J? New Designator=J79
Change Component Designator: Old Designator=J? New Designator=J80
Change Component Designator: Old Designator=J? New Designator=J81
Change Component Designator: Old Designator=J? New Designator=J82
Change Component Designator: Old Designator=P? New Designator=P1
Change Component Designator: Old Designator=U5 New Designator=U6
Change Component Designator: Old Designator=U6 New Designator=U5
